2023-11-15 11:09:01.194 | 6bd64e1f-bdba-4e17-ba4a-40d115c56cf5 | REQ | GET | /favicon.ico | {"host":"localhost:1998","connection":"keep-alive","sec-ch-ua":"\"Google Chrome\";v=\"119\", \"Chromium\";v=\"119\", \"Not?A_Brand\";v=\"24\"","sec-ch-ua-mobile":"?0","user-agent":"Mozilla/5.0 (Windows NT 10.0; Win64; x64) AppleWebKit/537.36 (KHTML, like Gecko) Chrome/119.0.0.0 Safari/537.36","sec-ch-ua-platform":"\"Windows\"","accept":"image/avif,image/webp,image/apng,image/svg+xml,image/*,*/*;q=0.8","sec-fetch-site":"same-origin","sec-fetch-mode":"no-cors","sec-fetch-dest":"image","referer":"http://localhost:1998/metrics","accept-encoding":"gzip, deflate, br","accept-language":"id,en-US;q=0.9,en;q=0.8,es;q=0.7","idReq":"6bd64e1f-bdba-4e17-ba4a-40d115c56cf5","x-forwarded-host":"localhost:1998","x-forwarded-port":"1998","x-forwarded-proto":"http","x-forwarded-for":"::1"} | 
2023-11-15 11:09:01.196 | 6bd64e1f-bdba-4e17-ba4a-40d115c56cf5 | RES | GET | ::1 | /favicon.ico | 38 | 
2023-11-15 11:10:04.008 | f6389a12-2b05-4d7a-95fd-bc9c5303d7ff | REQ | GET | /api/redis | {"host":"localhost:1998","connection":"keep-alive","sec-ch-ua":"\"Google Chrome\";v=\"119\", \"Chromium\";v=\"119\", \"Not?A_Brand\";v=\"24\"","sec-ch-ua-mobile":"?0","sec-ch-ua-platform":"\"Windows\"","upgrade-insecure-requests":"1","user-agent":"Mozilla/5.0 (Windows NT 10.0; Win64; x64) AppleWebKit/537.36 (KHTML, like Gecko) Chrome/119.0.0.0 Safari/537.36","accept":"text/html,application/xhtml+xml,application/xml;q=0.9,image/avif,image/webp,image/apng,*/*;q=0.8,application/signed-exchange;v=b3;q=0.7","sec-fetch-site":"none","sec-fetch-mode":"navigate","sec-fetch-user":"?1","sec-fetch-dest":"document","accept-encoding":"gzip, deflate, br","accept-language":"id,en-US;q=0.9,en;q=0.8,es;q=0.7","if-none-match":"W/\"1-NWoZK3kTsExUV00Ywo1G5jlUKKs\"","idReq":"f6389a12-2b05-4d7a-95fd-bc9c5303d7ff"} | 
2023-11-15 11:10:04.016 | f6389a12-2b05-4d7a-95fd-bc9c5303d7ff | RES | GET | ::1 | /api/redis | 35 | "Isi Key 1"
2023-11-15 11:10:21.150 | 391c9029-e8f9-4419-8d71-69b45248c0a2 | REQ | POST | /api/testReqRes | {"content-type":"application/json","user-agent":"PostmanRuntime/7.35.0","accept":"*/*","postman-token":"1d816396-2236-4611-afb8-281268b431f5","host":"localhost:1998","accept-encoding":"gzip, deflate, br","connection":"keep-alive","content-length":"23","idReq":"391c9029-e8f9-4419-8d71-69b45248c0a2"} | {"low":false}
2023-11-15 11:10:21.151 | 391c9029-e8f9-4419-8d71-69b45248c0a2 | RES | POST | ::1 | /api/testReqRes | 1 | 1
2023-11-15 11:10:45.285 | 2418223f-497c-419c-92db-2a2d2503dc42 | REQ | POST | /api/testReqRes?low=true | {"content-type":"application/json","user-agent":"PostmanRuntime/7.35.0","accept":"*/*","postman-token":"746c5a56-305f-454d-97ab-5a42bbdf0fc0","host":"localhost:1998","accept-encoding":"gzip, deflate, br","connection":"keep-alive","content-length":"23","idReq":"2418223f-497c-419c-92db-2a2d2503dc42"} | {"low":false}
2023-11-15 11:10:45.285 | 2418223f-497c-419c-92db-2a2d2503dc42 | RES | POST | ::1 | /api/testReqRes?low=true | 0 | 1
2023-11-15 11:10:50.111 | 487f446e-af39-4e91-950c-af4ae1eebaeb | REQ | POST | /api/testReqRes?low=true | {"content-type":"application/json","user-agent":"PostmanRuntime/7.35.0","accept":"*/*","postman-token":"ec6abd0d-766f-4737-8647-294827206fb0","host":"localhost:1998","accept-encoding":"gzip, deflate, br","connection":"keep-alive","content-length":"23","idReq":"487f446e-af39-4e91-950c-af4ae1eebaeb"} | {"low":false}
2023-11-15 11:10:50.112 | 487f446e-af39-4e91-950c-af4ae1eebaeb | RES | POST | ::1 | /api/testReqRes?low=true | 0 | 1
2023-11-15 11:11:08.104 | afea2c76-52ba-46f2-9bc8-b29430d42236 | REQ | POST | /api/testReqRes?low=true | {"content-type":"application/json","user-agent":"PostmanRuntime/7.35.0","accept":"*/*","postman-token":"cec71d7d-9272-47eb-84b1-2218ffeba055","host":"localhost:1998","accept-encoding":"gzip, deflate, br","connection":"keep-alive","content-length":"23","idReq":"afea2c76-52ba-46f2-9bc8-b29430d42236"} | {"low":false}
2023-11-15 11:11:08.104 | afea2c76-52ba-46f2-9bc8-b29430d42236 | RES | POST | ::1 | /api/testReqRes?low=true | 0 | 1
2023-11-15 11:11:17.517 | 21b91536-e092-49a7-b53f-34635d9e9532 | REQ | POST | /api/testReqRes?low=true | {"content-type":"application/json","user-agent":"PostmanRuntime/7.35.0","accept":"*/*","postman-token":"ba721702-5cdc-4396-b782-576a87ec6b95","host":"localhost:1998","accept-encoding":"gzip, deflate, br","connection":"keep-alive","content-length":"23","idReq":"21b91536-e092-49a7-b53f-34635d9e9532"} | {"low":false}
2023-11-15 11:11:17.518 | 21b91536-e092-49a7-b53f-34635d9e9532 | RES | POST | ::1 | /api/testReqRes?low=true | 0 | 1
2023-11-15 11:11:19.991 | 205cf9d5-4166-41c2-a093-20e271962b56 | REQ | POST | /api/testReqRes?low=true | {"content-type":"application/json","user-agent":"PostmanRuntime/7.35.0","accept":"*/*","postman-token":"1765bf47-42dd-448f-9e4f-ccb15a4fe5fa","host":"localhost:1998","accept-encoding":"gzip, deflate, br","connection":"keep-alive","content-length":"23","idReq":"205cf9d5-4166-41c2-a093-20e271962b56"} | {"low":false}
2023-11-15 11:11:19.992 | 205cf9d5-4166-41c2-a093-20e271962b56 | RES | POST | ::1 | /api/testReqRes?low=true | 1 | 1
2023-11-15 11:11:28.826 | 3a8b6ff7-77c5-4904-9429-99a2b1364e73 | REQ | POST | /api/testReqRes?low=true | {"content-type":"application/json","user-agent":"PostmanRuntime/7.35.0","accept":"*/*","postman-token":"232b3493-4c9a-47a0-9b1e-4e9c466152d5","host":"localhost:1998","accept-encoding":"gzip, deflate, br","connection":"keep-alive","content-length":"22","idReq":"3a8b6ff7-77c5-4904-9429-99a2b1364e73"} | {"low":true}
2023-11-15 11:11:28.827 | 3a8b6ff7-77c5-4904-9429-99a2b1364e73 | RES | POST | ::1 | /api/testReqRes?low=true | 5001 | 1
2023-11-15 11:11:38.883 | 92bc8853-6bec-420c-9b8a-0dc163347fc1 | REQ | POST | /api/testReqRes?low=true | {"content-type":"application/json","user-agent":"PostmanRuntime/7.35.0","accept":"*/*","postman-token":"abf16f92-9896-477a-bcf2-f3e0e7b88bbb","host":"localhost:1998","accept-encoding":"gzip, deflate, br","connection":"keep-alive","content-length":"23","idReq":"92bc8853-6bec-420c-9b8a-0dc163347fc1"} | {"low":false}
2023-11-15 11:11:38.885 | 92bc8853-6bec-420c-9b8a-0dc163347fc1 | RES | POST | ::1 | /api/testReqRes?low=true | 0 | 1
2023-11-15 11:14:05.183 | 5c9dd550-8154-4cd2-8822-5acf14e151cf | REQ | POST | /api/testReqRes?low=true | {"content-type":"application/json","user-agent":"PostmanRuntime/7.35.0","accept":"*/*","postman-token":"874250c9-bf66-49a5-a41b-0d58180840bd","host":"localhost:1998","accept-encoding":"gzip, deflate, br","connection":"keep-alive","content-length":"22","idReq":"5c9dd550-8154-4cd2-8822-5acf14e151cf"} | {"low":true}
2023-11-15 11:14:05.184 | 5c9dd550-8154-4cd2-8822-5acf14e151cf | RES | POST | ::1 | /api/testReqRes?low=true | 5002 | 1
2023-11-15 11:14:29.120 | 45b70525-c06d-4597-b17e-79693d24be60 | REQ | POST | /api/testReqRes?low=true | {"content-type":"application/json","user-agent":"PostmanRuntime/7.35.0","accept":"*/*","postman-token":"78695957-caa7-42fd-b210-e58b871e372c","host":"localhost:1998","accept-encoding":"gzip, deflate, br","connection":"keep-alive","content-length":"22","idReq":"45b70525-c06d-4597-b17e-79693d24be60"} | {"low":true}
2023-11-15 11:14:29.121 | 45b70525-c06d-4597-b17e-79693d24be60 | RES | POST | ::1 | /api/testReqRes?low=true | 5000 | 1
2023-11-15 11:14:54.692 | 06673f90-a678-411b-819f-b37a841708da | REQ | POST | /api/testReqRes?low=true | {"content-type":"application/json","user-agent":"PostmanRuntime/7.35.0","accept":"*/*","postman-token":"4116fef9-4c4d-432d-bd55-1c4d135726ee","host":"localhost:1998","accept-encoding":"gzip, deflate, br","connection":"keep-alive","content-length":"22","idReq":"06673f90-a678-411b-819f-b37a841708da"} | {"low":true}
2023-11-15 11:14:54.692 | 06673f90-a678-411b-819f-b37a841708da | RES | POST | ::1 | /api/testReqRes?low=true | 5000 | 1
2023-11-15 11:15:20.396 | 7495340d-e6e5-4032-9c49-3c7141435be0 | REQ | POST | /api/testReqRes?low=true | {"content-type":"application/json","user-agent":"PostmanRuntime/7.35.0","accept":"*/*","postman-token":"f79a86a9-bd87-4bef-9085-b6e4fbd96bea","host":"localhost:1998","accept-encoding":"gzip, deflate, br","connection":"keep-alive","content-length":"23","idReq":"7495340d-e6e5-4032-9c49-3c7141435be0"} | {"low":false}
2023-11-15 11:15:20.396 | 7495340d-e6e5-4032-9c49-3c7141435be0 | RES | POST | ::1 | /api/testReqRes?low=true | 0 | 1
2023-11-15 11:15:27.025 | 79df4319-b337-48c3-b07a-23822427dca2 | REQ | POST | /api/testReqRes?low=true | {"content-type":"application/json","user-agent":"PostmanRuntime/7.35.0","accept":"*/*","postman-token":"a170c6f3-46e5-42e1-a067-f145562f70f6","host":"localhost:1998","accept-encoding":"gzip, deflate, br","connection":"keep-alive","content-length":"23","idReq":"79df4319-b337-48c3-b07a-23822427dca2"} | {"low":false}
2023-11-15 11:15:27.026 | 79df4319-b337-48c3-b07a-23822427dca2 | RES | POST | ::1 | /api/testReqRes?low=true | 0 | 1
2023-11-15 11:16:11.164 | a0e0c1f9-4e7f-44aa-bce2-372a8e8710ec | REQ | POST | /api/testReqRes?low=true | {"content-type":"application/json","user-agent":"PostmanRuntime/7.35.0","accept":"*/*","postman-token":"d950d7a5-0db1-43f2-84e8-9fa7fe6b718c","host":"localhost:1998","accept-encoding":"gzip, deflate, br","connection":"keep-alive","content-length":"23","idReq":"a0e0c1f9-4e7f-44aa-bce2-372a8e8710ec"} | {"low":false}
2023-11-15 11:16:11.165 | a0e0c1f9-4e7f-44aa-bce2-372a8e8710ec | RES | POST | ::1 | /api/testReqRes?low=true | 0 | 1
2023-11-15 11:16:45.303 | d42cedaa-1241-4875-8d95-9bf34c322ace | REQ | POST | /api/testReqRes?low=true | {"content-type":"application/json","user-agent":"PostmanRuntime/7.35.0","accept":"*/*","postman-token":"2bf006cf-732e-41cf-8fa7-e44edfbd456b","host":"localhost:1998","accept-encoding":"gzip, deflate, br","connection":"keep-alive","content-length":"22","idReq":"d42cedaa-1241-4875-8d95-9bf34c322ace"} | {"low":true}
2023-11-15 11:16:45.303 | d42cedaa-1241-4875-8d95-9bf34c322ace | RES | POST | ::1 | /api/testReqRes?low=true | 5000 | 1
2023-11-15 11:17:03.190 | c99b4366-d438-4530-90dc-f2ae72f90311 | REQ | POST | /api/testReqRes?low=true | {"content-type":"application/json","user-agent":"PostmanRuntime/7.35.0","accept":"*/*","postman-token":"419f28c1-731a-469e-8719-0a8d45cf81de","host":"localhost:1998","accept-encoding":"gzip, deflate, br","connection":"keep-alive","content-length":"22","idReq":"c99b4366-d438-4530-90dc-f2ae72f90311"} | {"low":true}
2023-11-15 11:17:03.191 | c99b4366-d438-4530-90dc-f2ae72f90311 | RES | POST | ::1 | /api/testReqRes?low=true | 5001 | 1
2023-11-15 11:17:11.220 | 5d50f2c4-2ed2-4f8c-a21f-0241ec88db07 | REQ | POST | /api/testReqRes | {"content-type":"application/json","user-agent":"PostmanRuntime/7.35.0","accept":"*/*","postman-token":"24e9c97f-6915-4ed0-b3bc-95dd70c950d8","host":"localhost:1998","accept-encoding":"gzip, deflate, br","connection":"keep-alive","content-length":"22","idReq":"5d50f2c4-2ed2-4f8c-a21f-0241ec88db07"} | {"low":true}
2023-11-15 11:17:11.221 | 5d50f2c4-2ed2-4f8c-a21f-0241ec88db07 | RES | POST | ::1 | /api/testReqRes | 5000 | 1
2023-11-15 11:17:31.475 | 693a71d6-2f1d-4f4b-9841-a7a54e78e102 | REQ | POST | /api/testReqRes | {"content-type":"application/json","user-agent":"PostmanRuntime/7.35.0","accept":"*/*","postman-token":"db51481d-de79-45cd-adfe-dc220e5ff792","host":"localhost:1998","accept-encoding":"gzip, deflate, br","connection":"keep-alive","content-length":"22","idReq":"693a71d6-2f1d-4f4b-9841-a7a54e78e102"} | {"low":true}
2023-11-15 11:17:31.475 | 693a71d6-2f1d-4f4b-9841-a7a54e78e102 | RES | POST | ::1 | /api/testReqRes | 5000 | 1
2023-11-15 11:17:43.695 | c141ccc7-5607-455c-80ec-5042d8a29a1d | REQ | POST | /api/testReqRes | {"content-type":"application/json","user-agent":"PostmanRuntime/7.35.0","accept":"*/*","postman-token":"2a756492-ec64-45bb-89f2-c126c85c58fa","host":"localhost:1998","accept-encoding":"gzip, deflate, br","connection":"keep-alive","content-length":"22","idReq":"c141ccc7-5607-455c-80ec-5042d8a29a1d"} | {"low":true}
2023-11-15 11:17:43.696 | c141ccc7-5607-455c-80ec-5042d8a29a1d | RES | POST | ::1 | /api/testReqRes | 5001 | 1
2023-11-15 11:18:12.159 | 43001c3d-1c6c-4482-87a3-3f33a3ace132 | REQ | POST | /api/testReqRes | {"content-type":"application/json","user-agent":"PostmanRuntime/7.35.0","accept":"*/*","postman-token":"8456e72f-391a-4297-894f-0f8873dd7491","host":"localhost:1998","accept-encoding":"gzip, deflate, br","connection":"keep-alive","content-length":"22","idReq":"43001c3d-1c6c-4482-87a3-3f33a3ace132"} | {"low":true}
2023-11-15 11:18:12.160 | 43001c3d-1c6c-4482-87a3-3f33a3ace132 | RES | POST | ::1 | /api/testReqRes | 5000 | 1
2023-11-15 11:18:26.688 | bd07bc78-2617-4e28-87dc-440b7a5ea5e4 | REQ | POST | /api/testReqRes | {"content-type":"application/json","user-agent":"PostmanRuntime/7.35.0","accept":"*/*","postman-token":"0e295179-b0ba-4d3c-9cae-99fa1c3f633f","host":"localhost:1998","accept-encoding":"gzip, deflate, br","connection":"keep-alive","content-length":"22","idReq":"bd07bc78-2617-4e28-87dc-440b7a5ea5e4"} | {"low":true}
2023-11-15 11:18:26.688 | bd07bc78-2617-4e28-87dc-440b7a5ea5e4 | RES | POST | ::1 | /api/testReqRes | 5001 | 1
2023-11-15 11:22:36.009 | 362ee0e5-55fc-42f6-a5b4-6b19b883f9db | REQ | POST | /api/testReqRes | {"content-type":"application/json","user-agent":"PostmanRuntime/7.35.0","accept":"*/*","postman-token":"4924eb81-0b4a-4ae8-b596-f171fbbdcdd9","host":"localhost:1998","accept-encoding":"gzip, deflate, br","connection":"keep-alive","content-length":"22","idReq":"362ee0e5-55fc-42f6-a5b4-6b19b883f9db"} | {"low":true}
2023-11-15 11:22:36.010 | 362ee0e5-55fc-42f6-a5b4-6b19b883f9db | RES | POST | ::1 | /api/testReqRes | 5000 | 1
2023-11-15 13:24:14.351 | fa3177f4-0850-4e70-98f1-cebd2019fde1 | REQ | POST | /api/testReqRes | {"content-type":"application/json","user-agent":"PostmanRuntime/7.35.0","accept":"*/*","postman-token":"08b2a347-9be8-4e3e-bf16-6a2a6cac29e0","host":"localhost:1998","accept-encoding":"gzip, deflate, br","connection":"keep-alive","content-length":"22","idReq":"fa3177f4-0850-4e70-98f1-cebd2019fde1"} | {"low":true}
2023-11-15 13:24:14.353 | fa3177f4-0850-4e70-98f1-cebd2019fde1 | RES | POST | ::1 | /api/testReqRes | 5002 | 1
2023-11-15 13:28:20.913 | eed44b6a-2256-4eec-8961-0303672663d1 | REQ | POST | /api/testReqRes | {"content-type":"application/json","user-agent":"PostmanRuntime/7.35.0","accept":"*/*","postman-token":"fbfa3c24-d217-4f8b-b194-f05eb10e4c7d","host":"localhost:1998","accept-encoding":"gzip, deflate, br","connection":"keep-alive","content-length":"23","idReq":"eed44b6a-2256-4eec-8961-0303672663d1"} | {"low":false}
2023-11-15 13:28:20.914 | eed44b6a-2256-4eec-8961-0303672663d1 | RES | POST | ::1 | /api/testReqRes | 0 | 1
2023-11-15 13:28:42.940 | 6bd1a15a-e1a1-4168-a136-1ca27872cbb8 | REQ | POST | /api/testReqRes | {"content-type":"application/json","user-agent":"PostmanRuntime/7.35.0","accept":"*/*","postman-token":"1bdd7845-9efc-4923-834c-ce31e18623bc","host":"localhost:1998","accept-encoding":"gzip, deflate, br","connection":"keep-alive","content-length":"23","idReq":"6bd1a15a-e1a1-4168-a136-1ca27872cbb8"} | {"low":false}
2023-11-15 13:28:42.941 | 6bd1a15a-e1a1-4168-a136-1ca27872cbb8 | RES | POST | ::1 | /api/testReqRes | 0 | 1
2023-11-15 13:28:44.013 | 399b3245-45e0-4c94-8742-147a8f98a729 | REQ | POST | /api/testReqRes | {"content-type":"application/json","user-agent":"PostmanRuntime/7.35.0","accept":"*/*","postman-token":"d709eb1f-8723-4fa7-87d8-147c69824592","host":"localhost:1998","accept-encoding":"gzip, deflate, br","connection":"keep-alive","content-length":"23","idReq":"399b3245-45e0-4c94-8742-147a8f98a729"} | {"low":false}
2023-11-15 13:28:44.014 | 399b3245-45e0-4c94-8742-147a8f98a729 | RES | POST | ::1 | /api/testReqRes | 0 | 1
2023-11-15 13:28:44.779 | 8d6409ec-4f0f-4718-af36-a303f523f960 | REQ | POST | /api/testReqRes | {"content-type":"application/json","user-agent":"PostmanRuntime/7.35.0","accept":"*/*","postman-token":"6a391bc4-f6b7-496a-85e7-c8910c0aca6a","host":"localhost:1998","accept-encoding":"gzip, deflate, br","connection":"keep-alive","content-length":"23","idReq":"8d6409ec-4f0f-4718-af36-a303f523f960"} | {"low":false}
2023-11-15 13:28:44.779 | 8d6409ec-4f0f-4718-af36-a303f523f960 | RES | POST | ::1 | /api/testReqRes | 0 | 1
2023-11-15 13:31:13.493 | 009e4c1c-ac99-4fb1-9ae2-4eede0e618aa | REQ | POST | /api/testReqRes | {"content-type":"application/json","user-agent":"PostmanRuntime/7.35.0","accept":"*/*","postman-token":"5a61b011-1992-4c16-86d6-cddc75d5a5ad","host":"localhost:1998","accept-encoding":"gzip, deflate, br","connection":"keep-alive","content-length":"22","idReq":"009e4c1c-ac99-4fb1-9ae2-4eede0e618aa"} | {"low":true}
2023-11-15 13:31:13.494 | 009e4c1c-ac99-4fb1-9ae2-4eede0e618aa | RES | POST | ::1 | /api/testReqRes | 5002 | 1
2023-11-15 13:31:24.637 | 3fa4e32c-73ab-4c3a-9e75-25a300898039 | REQ | POST | /api/testReqRes | {"content-type":"application/json","user-agent":"PostmanRuntime/7.35.0","accept":"*/*","postman-token":"b96cc7c1-1ad6-4301-93af-ee97efebedf9","host":"localhost:1998","accept-encoding":"gzip, deflate, br","connection":"keep-alive","content-length":"22","idReq":"3fa4e32c-73ab-4c3a-9e75-25a300898039"} | {"low":true}
2023-11-15 13:31:24.638 | 3fa4e32c-73ab-4c3a-9e75-25a300898039 | RES | POST | ::1 | /api/testReqRes | 5001 | 1
2023-11-15 13:31:39.797 | 69d2d10d-56f7-4838-b97f-223f372c93a3 | REQ | POST | /api/testReqRes | {"content-type":"application/json","user-agent":"PostmanRuntime/7.35.0","accept":"*/*","postman-token":"b5f00330-1b9a-4df4-b9fd-0efb0116c7af","host":"localhost:1998","accept-encoding":"gzip, deflate, br","connection":"keep-alive","content-length":"22","idReq":"69d2d10d-56f7-4838-b97f-223f372c93a3"} | {"low":true}
2023-11-15 13:31:39.798 | 69d2d10d-56f7-4838-b97f-223f372c93a3 | RES | POST | ::1 | /api/testReqRes | 5002 | 1
2023-11-15 13:31:58.563 | 67861950-013a-4b89-93de-f4d724919e22 | REQ | POST | /api/testReqRes | {"content-type":"application/json","user-agent":"PostmanRuntime/7.35.0","accept":"*/*","postman-token":"58f3308d-7694-4eb7-9c03-ab5bc397682e","host":"localhost:1998","accept-encoding":"gzip, deflate, br","connection":"keep-alive","content-length":"22","idReq":"67861950-013a-4b89-93de-f4d724919e22"} | {"low":true}
2023-11-15 13:31:58.564 | 67861950-013a-4b89-93de-f4d724919e22 | RES | POST | ::1 | /api/testReqRes | 5001 | 1
2023-11-15 13:32:30.781 | eccd405b-8045-42bf-ae43-8a487ed73214 | REQ | POST | /api/testReqRes | {"content-type":"application/json","user-agent":"PostmanRuntime/7.35.0","accept":"*/*","postman-token":"6197c049-a8fa-48a6-83c3-bde6fa758ae0","host":"localhost:1998","accept-encoding":"gzip, deflate, br","connection":"keep-alive","content-length":"22","idReq":"eccd405b-8045-42bf-ae43-8a487ed73214"} | {"low":true}
2023-11-15 13:32:30.781 | eccd405b-8045-42bf-ae43-8a487ed73214 | RES | POST | ::1 | /api/testReqRes | 5001 | 1
2023-11-15 13:39:15.843 | 6cb079f9-237d-4fd1-be0c-918b9c34a701 | REQ | POST | /api/testReqRes | {"content-type":"application/json","user-agent":"PostmanRuntime/7.35.0","accept":"*/*","postman-token":"b231c6a5-12a9-4d3e-973f-41fe49805867","host":"localhost:1998","accept-encoding":"gzip, deflate, br","connection":"keep-alive","content-length":"22","idReq":"6cb079f9-237d-4fd1-be0c-918b9c34a701"} | {"low":true}
2023-11-15 13:39:15.844 | 6cb079f9-237d-4fd1-be0c-918b9c34a701 | RES | POST | ::1 | /api/testReqRes | 5001 | 1
2023-11-15 14:10:58.586 | d6216fb7-cc1a-4581-85a1-3015a68c4f63 | REQ | POST | /api/testReqRes | {"content-type":"application/json","user-agent":"PostmanRuntime/7.35.0","accept":"*/*","postman-token":"a6217920-7f79-4a15-a640-b0e15b521eb7","host":"localhost:1998","accept-encoding":"gzip, deflate, br","connection":"keep-alive","content-length":"22","idReq":"d6216fb7-cc1a-4581-85a1-3015a68c4f63"} | {"low":true}
2023-11-15 14:10:58.587 | d6216fb7-cc1a-4581-85a1-3015a68c4f63 | RES | POST | ::1 | /api/testReqRes | 5001 | 1
2023-11-15 14:17:53.872 | 09c69416-214a-4f7d-8614-f6d5abc5ba05 | REQ | POST | /api/testReqRes | {"content-type":"application/json","user-agent":"PostmanRuntime/7.35.0","accept":"*/*","postman-token":"28cd58b9-9106-41b9-80d9-bd9ff3fa0122","host":"localhost:1998","accept-encoding":"gzip, deflate, br","connection":"keep-alive","content-length":"22","idReq":"09c69416-214a-4f7d-8614-f6d5abc5ba05"} | {"low":true}
2023-11-15 14:17:53.872 | 09c69416-214a-4f7d-8614-f6d5abc5ba05 | RES | POST | ::1 | /api/testReqRes | 5001 | 1
2023-11-15 14:20:18.641 | ba1d42db-5375-4240-b19a-cea335343b90 | REQ | POST | /api/testReqRes | {"content-type":"application/json","user-agent":"PostmanRuntime/7.35.0","accept":"*/*","postman-token":"16472090-c0f7-48e6-ae11-59d792f7f83e","host":"localhost:1998","accept-encoding":"gzip, deflate, br","connection":"keep-alive","content-length":"22","idReq":"ba1d42db-5375-4240-b19a-cea335343b90"} | {"low":true}
2023-11-15 14:20:18.642 | ba1d42db-5375-4240-b19a-cea335343b90 | RES | POST | ::1 | /api/testReqRes | 5001 | 1
2023-11-15 14:25:30.093 | d70673b4-17f7-4b07-a7f6-b78c20f772ba | REQ | POST | /api/testReqRes | {"content-type":"application/json","user-agent":"PostmanRuntime/7.35.0","accept":"*/*","postman-token":"96b8e4c3-3359-4592-b549-aa6b231e54f7","host":"localhost:1998","accept-encoding":"gzip, deflate, br","connection":"keep-alive","content-length":"23","idReq":"d70673b4-17f7-4b07-a7f6-b78c20f772ba"} | {"low":false}
2023-11-15 14:25:30.094 | d70673b4-17f7-4b07-a7f6-b78c20f772ba | RES | POST | ::1 | /api/testReqRes | 0 | 1
2023-11-15 14:25:40.867 | a4414e48-0421-4514-9729-5e3d89d70fb3 | REQ | POST | /api/testReqRes | {"content-type":"application/json","user-agent":"PostmanRuntime/7.35.0","accept":"*/*","postman-token":"2979692e-a6f6-4764-a826-2879cdee7fcc","host":"localhost:1998","accept-encoding":"gzip, deflate, br","connection":"keep-alive","content-length":"23","idReq":"a4414e48-0421-4514-9729-5e3d89d70fb3"} | {"low":false}
2023-11-15 14:25:40.867 | a4414e48-0421-4514-9729-5e3d89d70fb3 | RES | POST | ::1 | /api/testReqRes | 0 | 1
2023-11-15 14:25:47.444 | 49d3fb96-5b17-485d-9226-19140411805b | REQ | POST | /api/testReqRes | {"content-type":"application/json","user-agent":"PostmanRuntime/7.35.0","accept":"*/*","postman-token":"6bef8b43-231a-40d5-bb39-4f0a28f5da10","host":"localhost:1998","accept-encoding":"gzip, deflate, br","connection":"keep-alive","content-length":"23","idReq":"49d3fb96-5b17-485d-9226-19140411805b"} | {"low":false}
2023-11-15 14:25:47.444 | 49d3fb96-5b17-485d-9226-19140411805b | RES | POST | ::1 | /api/testReqRes | 0 | 1
2023-11-15 14:25:52.834 | 6d5008c1-171b-4b20-a33d-ab777812e432 | REQ | POST | /api/testReqRes | {"content-type":"application/json","user-agent":"PostmanRuntime/7.35.0","accept":"*/*","postman-token":"3d98e386-da35-477f-b83d-269268c21fc5","host":"localhost:1998","accept-encoding":"gzip, deflate, br","connection":"keep-alive","content-length":"23","idReq":"6d5008c1-171b-4b20-a33d-ab777812e432"} | {"low":false}
2023-11-15 14:25:52.834 | 6d5008c1-171b-4b20-a33d-ab777812e432 | RES | POST | ::1 | /api/testReqRes | 0 | 1
2023-11-15 14:25:57.247 | 3d37e730-8012-4b00-a7c9-3c8509cfb8ad | REQ | POST | /api/testReqRes | {"content-type":"application/json","user-agent":"PostmanRuntime/7.35.0","accept":"*/*","postman-token":"a0547e26-0abc-4da5-8f5a-714915194204","host":"localhost:1998","accept-encoding":"gzip, deflate, br","connection":"keep-alive","content-length":"23","idReq":"3d37e730-8012-4b00-a7c9-3c8509cfb8ad"} | {"low":false}
2023-11-15 14:25:57.247 | 3d37e730-8012-4b00-a7c9-3c8509cfb8ad | RES | POST | ::1 | /api/testReqRes | 0 | 1
2023-11-15 14:26:02.941 | 5d740079-af0d-4a91-bdfb-7b34d69ca1e1 | REQ | POST | /api/testReqRes | {"content-type":"application/json","user-agent":"PostmanRuntime/7.35.0","accept":"*/*","postman-token":"6c34da63-24aa-4293-a5c1-902e412a17d4","host":"localhost:1998","accept-encoding":"gzip, deflate, br","connection":"keep-alive","content-length":"23","idReq":"5d740079-af0d-4a91-bdfb-7b34d69ca1e1"} | {"low":false}
2023-11-15 14:26:02.941 | 5d740079-af0d-4a91-bdfb-7b34d69ca1e1 | RES | POST | ::1 | /api/testReqRes | 0 | 1
2023-11-15 14:26:08.040 | 1c4aa4d5-d8f4-469f-9e9a-43e037f59b93 | REQ | POST | /api/testReqRes | {"content-type":"application/json","user-agent":"PostmanRuntime/7.35.0","accept":"*/*","postman-token":"996889a7-dcd6-40f7-914c-3d9f5dce92a0","host":"localhost:1998","accept-encoding":"gzip, deflate, br","connection":"keep-alive","content-length":"23","idReq":"1c4aa4d5-d8f4-469f-9e9a-43e037f59b93"} | {"low":false}
2023-11-15 14:26:08.041 | 1c4aa4d5-d8f4-469f-9e9a-43e037f59b93 | RES | POST | ::1 | /api/testReqRes | 0 | 1
2023-11-15 14:26:12.396 | 8bf9f57f-cfa0-4b49-bc6d-eda02e37b679 | REQ | POST | /api/testReqRes | {"content-type":"application/json","user-agent":"PostmanRuntime/7.35.0","accept":"*/*","postman-token":"b51d6a6a-24bc-43f5-8801-20982f44932e","host":"localhost:1998","accept-encoding":"gzip, deflate, br","connection":"keep-alive","content-length":"23","idReq":"8bf9f57f-cfa0-4b49-bc6d-eda02e37b679"} | {"low":false}
2023-11-15 14:26:12.397 | 8bf9f57f-cfa0-4b49-bc6d-eda02e37b679 | RES | POST | ::1 | /api/testReqRes | 0 | 1
2023-11-15 14:26:24.386 | 2834da53-90de-4c20-abe8-0d4f2bb3414d | REQ | POST | /api/testReqRes | {"content-type":"application/json","user-agent":"PostmanRuntime/7.35.0","accept":"*/*","postman-token":"1d5b78a3-a5c5-4e1f-8e51-107e45a71c1d","host":"localhost:1998","accept-encoding":"gzip, deflate, br","connection":"keep-alive","content-length":"23","idReq":"2834da53-90de-4c20-abe8-0d4f2bb3414d"} | {"low":false}
2023-11-15 14:26:24.387 | 2834da53-90de-4c20-abe8-0d4f2bb3414d | RES | POST | ::1 | /api/testReqRes | 0 | 1
2023-11-15 14:27:01.754 | fabafd7a-a5f1-4905-ab6a-6482445fb4ee | REQ | POST | /api/testReqRes | {"content-type":"application/json","user-agent":"PostmanRuntime/7.35.0","accept":"*/*","postman-token":"e51d96f0-ca0e-4c95-8c19-7511d764fc5d","host":"localhost:1998","accept-encoding":"gzip, deflate, br","connection":"keep-alive","content-length":"23","idReq":"fabafd7a-a5f1-4905-ab6a-6482445fb4ee"} | {"low":false}
2023-11-15 14:27:01.754 | fabafd7a-a5f1-4905-ab6a-6482445fb4ee | RES | POST | ::1 | /api/testReqRes | 0 | 1
2023-11-15 14:27:22.425 | 3fe4cb40-b83f-4a5d-85cb-32f98ea629c9 | REQ | POST | /api/testReqRes | {"content-type":"application/json","user-agent":"PostmanRuntime/7.35.0","accept":"*/*","postman-token":"1db800de-cb61-4929-95ee-0f622548d371","host":"localhost:1998","accept-encoding":"gzip, deflate, br","connection":"keep-alive","content-length":"23","idReq":"3fe4cb40-b83f-4a5d-85cb-32f98ea629c9"} | {"low":false}
2023-11-15 14:27:22.426 | 3fe4cb40-b83f-4a5d-85cb-32f98ea629c9 | RES | POST | ::1 | /api/testReqRes | 0 | 1
2023-11-15 14:27:27.930 | 70fb43db-5a73-42de-9c8e-15e0708ba716 | REQ | POST | /api/testReqRes | {"content-type":"application/json","user-agent":"PostmanRuntime/7.35.0","accept":"*/*","postman-token":"ccb5f972-aaa8-4ffb-8a83-da748c6fe000","host":"localhost:1998","accept-encoding":"gzip, deflate, br","connection":"keep-alive","content-length":"23","idReq":"70fb43db-5a73-42de-9c8e-15e0708ba716"} | {"low":false}
2023-11-15 14:27:27.931 | 70fb43db-5a73-42de-9c8e-15e0708ba716 | RES | POST | ::1 | /api/testReqRes | 1 | 1
2023-11-15 14:27:35.435 | 64114fdb-f2a5-44e3-b0c2-f0657c7044b3 | REQ | POST | /api/testReqRes | {"content-type":"application/json","user-agent":"PostmanRuntime/7.35.0","accept":"*/*","postman-token":"4a3fc552-0372-4299-b71d-f5a820627b05","host":"localhost:1998","accept-encoding":"gzip, deflate, br","connection":"keep-alive","content-length":"23","idReq":"64114fdb-f2a5-44e3-b0c2-f0657c7044b3"} | {"low":false}
2023-11-15 14:27:35.436 | 64114fdb-f2a5-44e3-b0c2-f0657c7044b3 | RES | POST | ::1 | /api/testReqRes | 0 | 1
2023-11-15 14:27:35.442 | 02fcf57e-a472-4d1c-8dfa-aef693ec6199 | REQ | POST | /api/testReqRes | {"content-type":"application/json","user-agent":"PostmanRuntime/7.35.0","accept":"*/*","postman-token":"61bd907d-5891-4560-abcc-7d32480d2bc8","host":"localhost:1998","accept-encoding":"gzip, deflate, br","connection":"keep-alive","content-length":"23","idReq":"02fcf57e-a472-4d1c-8dfa-aef693ec6199"} | {"low":false}
2023-11-15 14:27:35.446 | 02fcf57e-a472-4d1c-8dfa-aef693ec6199 | RES | POST | ::1 | /api/testReqRes | 2 | 1
2023-11-15 14:27:51.174 | 2bf2e78f-d830-46b3-8a6b-3e1ffa39928e | REQ | POST | /api/testReqRes | {"content-type":"application/json","user-agent":"PostmanRuntime/7.35.0","accept":"*/*","postman-token":"65100357-92e9-4441-8137-59343c360387","host":"localhost:1998","accept-encoding":"gzip, deflate, br","connection":"keep-alive","content-length":"22","idReq":"2bf2e78f-d830-46b3-8a6b-3e1ffa39928e"} | {"low":true}
2023-11-15 14:27:51.174 | 2bf2e78f-d830-46b3-8a6b-3e1ffa39928e | RES | POST | ::1 | /api/testReqRes | 5000 | 1
2023-11-15 14:28:01.086 | 21ce43fc-0e56-40ac-97ba-69ecde05886c | REQ | POST | /api/testReqRes | {"content-type":"application/json","user-agent":"PostmanRuntime/7.35.0","accept":"*/*","postman-token":"b71920a8-3c3c-470b-b71f-800a64f8be6f","host":"localhost:1998","accept-encoding":"gzip, deflate, br","connection":"keep-alive","content-length":"22","idReq":"21ce43fc-0e56-40ac-97ba-69ecde05886c"} | {"low":true}
2023-11-15 14:28:01.087 | 21ce43fc-0e56-40ac-97ba-69ecde05886c | RES | POST | ::1 | /api/testReqRes | 5001 | 1
2023-11-15 14:28:18.829 | 927c6fa6-bac8-4914-acd9-a7c03255147b | REQ | POST | /api/testReqRes | {"content-type":"application/json","user-agent":"PostmanRuntime/7.35.0","accept":"*/*","postman-token":"7539345f-ac31-4b9f-a4eb-b00654800acb","host":"localhost:1998","accept-encoding":"gzip, deflate, br","connection":"keep-alive","content-length":"22","idReq":"927c6fa6-bac8-4914-acd9-a7c03255147b"} | {"low":true}
2023-11-15 14:28:18.830 | 927c6fa6-bac8-4914-acd9-a7c03255147b | RES | POST | ::1 | /api/testReqRes | 5001 | 1
2023-11-15 14:28:30.494 | a7d4d685-c3f0-4876-a4de-24413c7577ad | REQ | POST | /api/testReqRes | {"content-type":"application/json","user-agent":"PostmanRuntime/7.35.0","accept":"*/*","postman-token":"062ea3ae-ee55-4f9d-b5d6-0fe0c72d25bf","host":"localhost:1998","accept-encoding":"gzip, deflate, br","connection":"keep-alive","content-length":"22","idReq":"a7d4d685-c3f0-4876-a4de-24413c7577ad"} | {"low":true}
2023-11-15 14:28:30.494 | a7d4d685-c3f0-4876-a4de-24413c7577ad | RES | POST | ::1 | /api/testReqRes | 5000 | 1
2023-11-15 14:28:58.912 | 97a4e758-da97-42b1-b3ab-6c667e35347f | REQ | POST | /api/testReqRes | {"content-type":"application/json","user-agent":"PostmanRuntime/7.35.0","accept":"*/*","postman-token":"1ff990d9-77de-4856-8508-cc5ecf14f01b","host":"localhost:1998","accept-encoding":"gzip, deflate, br","connection":"keep-alive","content-length":"22","idReq":"97a4e758-da97-42b1-b3ab-6c667e35347f"} | {"low":true}
2023-11-15 14:28:58.912 | 97a4e758-da97-42b1-b3ab-6c667e35347f | RES | POST | ::1 | /api/testReqRes | 5000 | 1
2023-11-15 14:29:14.960 | f322b3d2-9be6-441a-b499-ee5ad58f58e2 | REQ | POST | /api/testReqRes | {"content-type":"application/json","user-agent":"PostmanRuntime/7.35.0","accept":"*/*","postman-token":"e665f884-49de-4aa2-a757-62fbe2844923","host":"localhost:1998","accept-encoding":"gzip, deflate, br","connection":"keep-alive","content-length":"22","idReq":"f322b3d2-9be6-441a-b499-ee5ad58f58e2"} | {"low":true}
2023-11-15 14:29:14.961 | f322b3d2-9be6-441a-b499-ee5ad58f58e2 | RES | POST | ::1 | /api/testReqRes | 5000 | 1
2023-11-15 14:29:24.330 | 041644dc-3792-4a1f-938e-c03ba2e625d4 | REQ | POST | /api/testReqRes | {"content-type":"application/json","user-agent":"PostmanRuntime/7.35.0","accept":"*/*","postman-token":"ecd0f6d0-2d92-4b3f-8e67-19be0eaadaec","host":"localhost:1998","accept-encoding":"gzip, deflate, br","connection":"keep-alive","content-length":"22","idReq":"041644dc-3792-4a1f-938e-c03ba2e625d4"} | {"low":true}
2023-11-15 14:29:24.330 | 041644dc-3792-4a1f-938e-c03ba2e625d4 | RES | POST | ::1 | /api/testReqRes | 5000 | 1
2023-11-15 14:29:34.245 | 03eb13d0-e8d3-422b-a798-364dfaae91af | REQ | POST | /api/testReqRes | {"content-type":"application/json","user-agent":"PostmanRuntime/7.35.0","accept":"*/*","postman-token":"4c8e5eec-c76c-4ea0-9889-c9a801c4ae84","host":"localhost:1998","accept-encoding":"gzip, deflate, br","connection":"keep-alive","content-length":"22","idReq":"03eb13d0-e8d3-422b-a798-364dfaae91af"} | {"low":true}
2023-11-15 14:29:34.246 | 03eb13d0-e8d3-422b-a798-364dfaae91af | RES | POST | ::1 | /api/testReqRes | 5001 | 1
2023-11-15 14:29:42.540 | 72e55e77-87e5-476d-9860-e0b2b68c5830 | REQ | POST | /api/testReqRes | {"content-type":"application/json","user-agent":"PostmanRuntime/7.35.0","accept":"*/*","postman-token":"6709a667-30a7-43e5-92f3-5053e2e60023","host":"localhost:1998","accept-encoding":"gzip, deflate, br","connection":"keep-alive","content-length":"22","idReq":"72e55e77-87e5-476d-9860-e0b2b68c5830"} | {"low":true}
2023-11-15 14:29:42.541 | 72e55e77-87e5-476d-9860-e0b2b68c5830 | RES | POST | ::1 | /api/testReqRes | 5001 | 1
2023-11-15 14:29:52.972 | ddecf81e-fc8a-4feb-9b78-6c6b856e3cfd | REQ | POST | /api/testReqRes | {"content-type":"application/json","user-agent":"PostmanRuntime/7.35.0","accept":"*/*","postman-token":"31d041b3-2af7-490c-b63c-f380247303f4","host":"localhost:1998","accept-encoding":"gzip, deflate, br","connection":"keep-alive","content-length":"22","idReq":"ddecf81e-fc8a-4feb-9b78-6c6b856e3cfd"} | {"low":true}
2023-11-15 14:29:52.973 | ddecf81e-fc8a-4feb-9b78-6c6b856e3cfd | RES | POST | ::1 | /api/testReqRes | 5001 | 1
2023-11-15 14:30:05.311 | bc522c17-13d7-4907-9621-cfcfb077a48a | REQ | POST | /api/testReqRes | {"content-type":"application/json","user-agent":"PostmanRuntime/7.35.0","accept":"*/*","postman-token":"eed55ea1-209c-40f1-b6c5-ea692eac3084","host":"localhost:1998","accept-encoding":"gzip, deflate, br","connection":"keep-alive","content-length":"22","idReq":"bc522c17-13d7-4907-9621-cfcfb077a48a"} | {"low":true}
2023-11-15 14:30:05.311 | bc522c17-13d7-4907-9621-cfcfb077a48a | RES | POST | ::1 | /api/testReqRes | 5002 | 1
2023-11-15 14:30:17.439 | 2965c66a-7627-48f4-87bd-1cdb1272e4c5 | REQ | POST | /api/testReqRes | {"content-type":"application/json","user-agent":"PostmanRuntime/7.35.0","accept":"*/*","postman-token":"1183d01e-c46b-4bd4-8b85-35083ef357b2","host":"localhost:1998","accept-encoding":"gzip, deflate, br","connection":"keep-alive","content-length":"22","idReq":"2965c66a-7627-48f4-87bd-1cdb1272e4c5"} | {"low":true}
2023-11-15 14:30:17.439 | 2965c66a-7627-48f4-87bd-1cdb1272e4c5 | RES | POST | ::1 | /api/testReqRes | 5001 | 1
2023-11-15 14:30:30.238 | 2ae1c6fd-b598-4274-bbaf-f07c39b5494d | REQ | POST | /api/testReqRes | {"content-type":"application/json","user-agent":"PostmanRuntime/7.35.0","accept":"*/*","postman-token":"3cd5b7cd-d734-43f1-8f47-d65b95ee6005","host":"localhost:1998","accept-encoding":"gzip, deflate, br","connection":"keep-alive","content-length":"22","idReq":"2ae1c6fd-b598-4274-bbaf-f07c39b5494d"} | {"low":true}
2023-11-15 14:30:30.239 | 2ae1c6fd-b598-4274-bbaf-f07c39b5494d | RES | POST | ::1 | /api/testReqRes | 5001 | 1
2023-11-15 14:59:46.886 | a5341e1c-e63f-44da-a300-aa0e3df0e22b | REQ | POST | /api/testReqRes | {"content-type":"application/json","user-agent":"PostmanRuntime/7.35.0","accept":"*/*","postman-token":"d7dcc816-14fb-4a80-9df7-3bd05638d178","host":"localhost:1998","accept-encoding":"gzip, deflate, br","connection":"keep-alive","content-length":"23","idReq":"a5341e1c-e63f-44da-a300-aa0e3df0e22b"} | {"low":false}
2023-11-15 14:59:46.887 | a5341e1c-e63f-44da-a300-aa0e3df0e22b | RES | POST | ::1 | /api/testReqRes | 0 | 1
2023-11-15 15:03:39.488 | bd8493b0-7661-49b6-938f-e76f07b15d7c | REQ | POST | /api/testReqRes | {"content-type":"application/json","user-agent":"PostmanRuntime/7.35.0","accept":"*/*","postman-token":"36788e45-1a3a-40ab-958a-b9ba045ec5a7","host":"localhost:1998","accept-encoding":"gzip, deflate, br","connection":"keep-alive","content-length":"23","idReq":"bd8493b0-7661-49b6-938f-e76f07b15d7c"} | {"low":false}
2023-11-15 15:03:39.490 | bd8493b0-7661-49b6-938f-e76f07b15d7c | RES | POST | ::1 | /api/testReqRes | 1 | 1
2023-11-15 15:06:06.990 | c0d68717-fc8f-45fa-ac49-f9fe4b43ab9c | REQ | POST | /api/testReqRes | {"content-type":"application/json","user-agent":"PostmanRuntime/7.35.0","accept":"*/*","postman-token":"a49b8877-bc74-4931-9ada-505437df066f","host":"localhost:1998","accept-encoding":"gzip, deflate, br","connection":"keep-alive","content-length":"23","idReq":"c0d68717-fc8f-45fa-ac49-f9fe4b43ab9c"} | {"low":false}
2023-11-15 15:06:06.990 | c0d68717-fc8f-45fa-ac49-f9fe4b43ab9c | RES | POST | ::1 | /api/testReqRes | 1 | 1
2023-11-15 15:06:48.696 | c9c5763e-5925-4023-b5c9-bb345ca63cf1 | REQ | POST | /api/testReqRes | {"content-type":"application/json","user-agent":"PostmanRuntime/7.35.0","accept":"*/*","postman-token":"94bb3fb0-b5b9-4c94-9f9b-c7969baccb49","host":"localhost:1998","accept-encoding":"gzip, deflate, br","connection":"keep-alive","content-length":"23","idReq":"c9c5763e-5925-4023-b5c9-bb345ca63cf1"} | {"low":false}
2023-11-15 15:06:48.697 | c9c5763e-5925-4023-b5c9-bb345ca63cf1 | RES | POST | ::1 | /api/testReqRes | 0 | 1
2023-11-15 15:07:41.737 | a682b32d-dbe9-42ec-a4ed-ee73fbe7b08a | REQ | POST | /api/testReqRes | {"content-type":"application/json","user-agent":"PostmanRuntime/7.35.0","accept":"*/*","postman-token":"38637641-fd93-471d-85fe-cc4f6ed39ec3","host":"localhost:1998","accept-encoding":"gzip, deflate, br","connection":"keep-alive","content-length":"23","idReq":"a682b32d-dbe9-42ec-a4ed-ee73fbe7b08a"} | {"low":false}
2023-11-15 15:07:41.738 | a682b32d-dbe9-42ec-a4ed-ee73fbe7b08a | RES | POST | ::1 | /api/testReqRes | 1 | 1
2023-11-15 15:07:44.661 | cb45d1ba-4836-4df9-9b1b-d65b2fe74324 | REQ | POST | /api/testReqRes | {"content-type":"application/json","user-agent":"PostmanRuntime/7.35.0","accept":"*/*","postman-token":"84793c09-4f1e-49e1-b827-9526e40a8cf8","host":"localhost:1998","accept-encoding":"gzip, deflate, br","connection":"keep-alive","content-length":"23","idReq":"cb45d1ba-4836-4df9-9b1b-d65b2fe74324"} | {"low":false}
2023-11-15 15:07:44.662 | cb45d1ba-4836-4df9-9b1b-d65b2fe74324 | RES | POST | ::1 | /api/testReqRes | 0 | 1
2023-11-15 15:09:43.242 | 13ef2e40-90bc-4082-b9da-91c31ff45e30 | REQ | POST | /api/testReqRes | {"content-type":"application/json","user-agent":"PostmanRuntime/7.35.0","accept":"*/*","postman-token":"20073590-0115-4fd5-958d-51fd1ade1af2","host":"localhost:1998","accept-encoding":"gzip, deflate, br","connection":"keep-alive","content-length":"22","idReq":"13ef2e40-90bc-4082-b9da-91c31ff45e30"} | {"low":true}
2023-11-15 15:09:43.243 | 13ef2e40-90bc-4082-b9da-91c31ff45e30 | RES | POST | ::1 | /api/testReqRes | 5002 | 1
2023-11-15 15:10:00.095 | 1d598cbb-f7b7-495c-8889-2c29e8aa15ab | REQ | POST | /api/testReqRes | {"content-type":"application/json","user-agent":"PostmanRuntime/7.35.0","accept":"*/*","postman-token":"67f62a2d-d009-4603-92ab-4fb601d51368","host":"localhost:1998","accept-encoding":"gzip, deflate, br","connection":"keep-alive","content-length":"22","idReq":"1d598cbb-f7b7-495c-8889-2c29e8aa15ab"} | {"low":true}
2023-11-15 15:10:00.095 | 1d598cbb-f7b7-495c-8889-2c29e8aa15ab | RES | POST | ::1 | /api/testReqRes | 5001 | 1
2023-11-15 15:10:16.220 | 63fb348a-0c8a-406d-937e-788314ba6a30 | REQ | POST | /api/testReqRes | {"content-type":"application/json","user-agent":"PostmanRuntime/7.35.0","accept":"*/*","postman-token":"36b1bd7f-b8f0-4722-9ae1-173e2c3c7eeb","host":"localhost:1998","accept-encoding":"gzip, deflate, br","connection":"keep-alive","content-length":"22","idReq":"63fb348a-0c8a-406d-937e-788314ba6a30"} | {"low":true}
2023-11-15 15:10:16.221 | 63fb348a-0c8a-406d-937e-788314ba6a30 | RES | POST | ::1 | /api/testReqRes | 5001 | 1
2023-11-15 15:10:25.620 | 4afb272b-3b9b-4d09-9eba-86dc44d43636 | REQ | POST | /api/testReqRes | {"content-type":"application/json","user-agent":"PostmanRuntime/7.35.0","accept":"*/*","postman-token":"7f644efd-7c5a-47cf-a7a9-d219f69c4a71","host":"localhost:1998","accept-encoding":"gzip, deflate, br","connection":"keep-alive","content-length":"22","idReq":"4afb272b-3b9b-4d09-9eba-86dc44d43636"} | {"low":true}
2023-11-15 15:10:25.620 | 4afb272b-3b9b-4d09-9eba-86dc44d43636 | RES | POST | ::1 | /api/testReqRes | 5001 | 1
2023-11-15 15:10:36.063 | 16ffb4eb-b47e-46b8-8cf6-bfa0ffdc9fee | REQ | POST | /api/testReqRes | {"content-type":"application/json","user-agent":"PostmanRuntime/7.35.0","accept":"*/*","postman-token":"1a4a87fd-810b-4f13-b7c8-74b573115887","host":"localhost:1998","accept-encoding":"gzip, deflate, br","connection":"keep-alive","content-length":"22","idReq":"16ffb4eb-b47e-46b8-8cf6-bfa0ffdc9fee"} | {"low":true}
2023-11-15 15:10:36.063 | 16ffb4eb-b47e-46b8-8cf6-bfa0ffdc9fee | RES | POST | ::1 | /api/testReqRes | 5000 | 1
2023-11-15 15:13:48.123 | 5cb50a2e-9739-4d4d-8f9a-6f675b5e8c8f | REQ | POST | /api/testReqRes | {"content-type":"application/json","user-agent":"PostmanRuntime/7.35.0","accept":"*/*","postman-token":"fcdb94c0-2e8c-4dd7-bf7e-564cf993f326","host":"localhost:1998","accept-encoding":"gzip, deflate, br","connection":"keep-alive","content-length":"23","idReq":"5cb50a2e-9739-4d4d-8f9a-6f675b5e8c8f"} | {"low":false}
2023-11-15 15:13:48.124 | 5cb50a2e-9739-4d4d-8f9a-6f675b5e8c8f | RES | POST | ::1 | /api/testReqRes | 0 | 1
2023-11-15 15:13:49.661 | 86c30c8c-71cc-49a4-9149-3b9659e3505a | REQ | POST | /api/testReqRes | {"content-type":"application/json","user-agent":"PostmanRuntime/7.35.0","accept":"*/*","postman-token":"3c21f755-4c6d-4338-9106-265ef1ab6b65","host":"localhost:1998","accept-encoding":"gzip, deflate, br","connection":"keep-alive","content-length":"23","idReq":"86c30c8c-71cc-49a4-9149-3b9659e3505a"} | {"low":false}
2023-11-15 15:13:49.661 | 86c30c8c-71cc-49a4-9149-3b9659e3505a | RES | POST | ::1 | /api/testReqRes | 0 | 1
2023-11-15 15:13:50.407 | 5d481176-6f22-4aa2-bfbe-38efa749fe75 | REQ | POST | /api/testReqRes | {"content-type":"application/json","user-agent":"PostmanRuntime/7.35.0","accept":"*/*","postman-token":"f9b7e08f-3d7e-4c52-8195-87f8606a714d","host":"localhost:1998","accept-encoding":"gzip, deflate, br","connection":"keep-alive","content-length":"23","idReq":"5d481176-6f22-4aa2-bfbe-38efa749fe75"} | {"low":false}
2023-11-15 15:13:50.408 | 5d481176-6f22-4aa2-bfbe-38efa749fe75 | RES | POST | ::1 | /api/testReqRes | 0 | 1
2023-11-15 15:13:52.038 | ffbb99ea-7a20-406e-98d7-9ee5ad1c27e6 | REQ | POST | /api/testReqRes | {"content-type":"application/json","user-agent":"PostmanRuntime/7.35.0","accept":"*/*","postman-token":"8c2c7a23-9199-4021-be8b-c16f1da4667c","host":"localhost:1998","accept-encoding":"gzip, deflate, br","connection":"keep-alive","content-length":"23","idReq":"ffbb99ea-7a20-406e-98d7-9ee5ad1c27e6"} | {"low":false}
2023-11-15 15:13:52.038 | ffbb99ea-7a20-406e-98d7-9ee5ad1c27e6 | RES | POST | ::1 | /api/testReqRes | 1 | 1
2023-11-15 15:13:57.198 | 476b4cb1-77be-43ec-beb8-d26593540da9 | REQ | POST | /api/testReqRes | {"content-type":"application/json","user-agent":"PostmanRuntime/7.35.0","accept":"*/*","postman-token":"0d22e438-d393-4ba1-87be-4fcd6878af67","host":"localhost:1998","accept-encoding":"gzip, deflate, br","connection":"keep-alive","content-length":"23","idReq":"476b4cb1-77be-43ec-beb8-d26593540da9"} | {"low":false}
2023-11-15 15:13:57.199 | 476b4cb1-77be-43ec-beb8-d26593540da9 | RES | POST | ::1 | /api/testReqRes | 1 | 1
2023-11-15 15:36:33.875 | 791fe774-6ce9-4cec-aca6-4dab5a50c3e1 | REQ | POST | /api/testReqRes | {"content-type":"application/json","user-agent":"PostmanRuntime/7.35.0","accept":"*/*","postman-token":"afb76c58-fa60-4864-9364-0c2425d07c2e","host":"localhost:1998","accept-encoding":"gzip, deflate, br","connection":"keep-alive","content-length":"23","idReq":"791fe774-6ce9-4cec-aca6-4dab5a50c3e1"} | {"low":false}
2023-11-15 15:36:48.211 | 906f8338-a676-4f99-9fb4-dea268af739a | REQ | POST | /api/testReqRes | {"content-type":"application/json","user-agent":"PostmanRuntime/7.35.0","accept":"*/*","postman-token":"4c659715-7e31-409e-a763-6c2814babef6","host":"localhost:1998","accept-encoding":"gzip, deflate, br","connection":"keep-alive","content-length":"22","idReq":"906f8338-a676-4f99-9fb4-dea268af739a"} | {"low":true}
2023-11-15 15:38:36.510 | 5f635fb1-4524-463c-95b2-0e5bbf9c9275 | REQ | POST | /api/testReqRes | {"content-type":"application/json","user-agent":"PostmanRuntime/7.35.0","accept":"*/*","postman-token":"60ac05cb-5333-4d42-bc9c-15fcc56f7ccb","host":"localhost:1998","accept-encoding":"gzip, deflate, br","connection":"keep-alive","content-length":"22","idReq":"5f635fb1-4524-463c-95b2-0e5bbf9c9275"} | {"low":true}
2023-11-15 15:40:38.093 | 77cd8f44-8b45-4597-a073-cdb20ce9ad02 | REQ | POST | /api/testReqRes | {"content-type":"application/json","user-agent":"PostmanRuntime/7.35.0","accept":"*/*","postman-token":"42ae82a9-4776-4b25-8c5c-c95a56137912","host":"localhost:1998","accept-encoding":"gzip, deflate, br","connection":"keep-alive","content-length":"22","idReq":"77cd8f44-8b45-4597-a073-cdb20ce9ad02"} | {"low":true}
2023-11-15 15:40:38.095 | 77cd8f44-8b45-4597-a073-cdb20ce9ad02 | RES | POST | ::1 | /api/testReqRes | 5002 | 1
2023-11-15 15:40:54.453 | 1291d681-9d40-4634-a989-f7a85826fe7e | REQ | POST | /api/testReqRes | {"content-type":"application/json","user-agent":"PostmanRuntime/7.35.0","accept":"*/*","postman-token":"374b331f-c44e-47b4-96e6-307be411cec0","host":"localhost:1998","accept-encoding":"gzip, deflate, br","connection":"keep-alive","content-length":"23","idReq":"1291d681-9d40-4634-a989-f7a85826fe7e"} | {"low":false}
2023-11-15 15:40:54.454 | 1291d681-9d40-4634-a989-f7a85826fe7e | RES | POST | ::1 | /api/testReqRes | 1 | 1
2023-11-15 15:59:30.155 | 51b34a89-1604-43b3-9ba7-7fd13493d188 | REQ | POST | /api/testReqRes | {"content-type":"application/json","user-agent":"PostmanRuntime/7.35.0","accept":"*/*","postman-token":"7c54f749-91cc-4515-9325-909e79132c62","host":"localhost:1998","accept-encoding":"gzip, deflate, br","connection":"keep-alive","content-length":"23","idReq":"51b34a89-1604-43b3-9ba7-7fd13493d188"} | {"low":false}
2023-11-15 15:59:30.158 | 51b34a89-1604-43b3-9ba7-7fd13493d188 | RES | POST | ::1 | /api/testReqRes | 1 | 1
2023-11-15 16:01:00.925 | 734c248c-a561-4b56-9a27-ffef24fc61a0 | REQ | POST | /api/testReqRes | {"content-type":"application/json","user-agent":"PostmanRuntime/7.35.0","accept":"*/*","postman-token":"26a4af79-6975-4b92-9fef-b2cd1bde8c68","host":"localhost:1998","accept-encoding":"gzip, deflate, br","connection":"keep-alive","content-length":"22","idReq":"734c248c-a561-4b56-9a27-ffef24fc61a0"} | {"low":true}
2023-11-15 16:01:00.928 | 734c248c-a561-4b56-9a27-ffef24fc61a0 | RES | POST | ::1 | /api/testReqRes | 5002 | 1
2023-11-15 16:04:16.421 | 89fa55f9-607b-4b08-a8e4-3fb8dde864e9 | REQ | POST | /api/testReqRes | {"content-type":"application/json","user-agent":"PostmanRuntime/7.35.0","accept":"*/*","postman-token":"defc7baa-33eb-42bd-8a29-a716b1e485d2","host":"localhost:1998","accept-encoding":"gzip, deflate, br","connection":"keep-alive","content-length":"22","idReq":"89fa55f9-607b-4b08-a8e4-3fb8dde864e9"} | {"low":true}
2023-11-15 16:04:16.422 | 89fa55f9-607b-4b08-a8e4-3fb8dde864e9 | RES | POST | ::1 | /api/testReqRes | 5001 | 1
2023-11-15 16:11:17.826 | 582640bc-ae18-468f-9393-1363f1f002c8 | REQ | POST | /api/testReqRes | {"content-type":"application/json","user-agent":"PostmanRuntime/7.35.0","accept":"*/*","postman-token":"f18513d2-89d3-48b1-920a-48c0ac6c1d94","host":"localhost:1998","accept-encoding":"gzip, deflate, br","connection":"keep-alive","content-length":"22","idReq":"582640bc-ae18-468f-9393-1363f1f002c8"} | {"low":true}
2023-11-15 16:11:17.828 | 582640bc-ae18-468f-9393-1363f1f002c8 | RES | POST | ::1 | /api/testReqRes | 5003 | 1
2023-11-15 16:11:43.582 | 0718b1be-d4dc-4516-bb2e-56c21e919dff | REQ | POST | /api/testReqRes | {"content-type":"application/json","user-agent":"PostmanRuntime/7.35.0","accept":"*/*","postman-token":"53f1a5f6-a80e-4213-8752-6885fc47457e","host":"localhost:1998","accept-encoding":"gzip, deflate, br","connection":"keep-alive","content-length":"22","idReq":"0718b1be-d4dc-4516-bb2e-56c21e919dff"} | {"low":true}
2023-11-15 16:11:43.583 | 0718b1be-d4dc-4516-bb2e-56c21e919dff | RES | POST | ::1 | /api/testReqRes | 5001 | 1
2023-11-15 16:12:07.459 | 8f74a101-47b0-4081-8721-1fc1a9310fab | REQ | POST | /api/testReqRes | {"content-type":"application/json","user-agent":"PostmanRuntime/7.35.0","accept":"*/*","postman-token":"fde777ae-925c-42a5-8319-69129c4de2bd","host":"localhost:1998","accept-encoding":"gzip, deflate, br","connection":"keep-alive","content-length":"22","idReq":"8f74a101-47b0-4081-8721-1fc1a9310fab"} | {"low":true}
2023-11-15 16:12:07.461 | 8f74a101-47b0-4081-8721-1fc1a9310fab | RES | POST | ::1 | /api/testReqRes | 5000 | 1
2023-11-15 16:12:16.416 | f4aa6016-12f1-4cfd-9ad1-17520e380fb1 | REQ | POST | /api/testReqRes | {"content-type":"application/json","user-agent":"PostmanRuntime/7.35.0","accept":"*/*","postman-token":"aa2ab95d-64ee-44e6-8b78-104d25b4d5cf","host":"localhost:1998","accept-encoding":"gzip, deflate, br","connection":"keep-alive","content-length":"23","idReq":"f4aa6016-12f1-4cfd-9ad1-17520e380fb1"} | {"low":false}
2023-11-15 16:12:16.417 | f4aa6016-12f1-4cfd-9ad1-17520e380fb1 | RES | POST | ::1 | /api/testReqRes | 0 | 1
2023-11-15 16:13:49.566 | 8b77d268-d66f-4f78-a427-130302d376fa | REQ | POST | /api/testReqRes | {"content-type":"application/json","user-agent":"PostmanRuntime/7.35.0","accept":"*/*","postman-token":"f2317aeb-e05b-45e3-bd1b-e525ba8b04d9","host":"localhost:1998","accept-encoding":"gzip, deflate, br","connection":"keep-alive","content-length":"22","idReq":"8b77d268-d66f-4f78-a427-130302d376fa"} | {"low":true}
2023-11-15 16:13:49.567 | 8b77d268-d66f-4f78-a427-130302d376fa | RES | POST | ::1 | /api/testReqRes | 5001 | 1
2023-11-15 16:15:30.688 | 9d07ad11-76c6-471b-a8e7-576d50b65a5d | REQ | POST | /api/testReqRes | {"content-type":"application/json","user-agent":"PostmanRuntime/7.35.0","accept":"*/*","postman-token":"cd73c834-e6bb-4928-a557-7cc237c14c9c","host":"localhost:1998","accept-encoding":"gzip, deflate, br","connection":"keep-alive","content-length":"23","idReq":"9d07ad11-76c6-471b-a8e7-576d50b65a5d"} | {"low":false}
2023-11-15 16:15:30.688 | 9d07ad11-76c6-471b-a8e7-576d50b65a5d | RES | POST | ::1 | /api/testReqRes | 0 | 1
2023-11-15 16:16:26.207 | df18a2dd-78f9-48f7-9618-caf14004c455 | REQ | POST | /api/testReqRes | {"content-type":"application/json","user-agent":"PostmanRuntime/7.35.0","accept":"*/*","postman-token":"03780fb6-cdb8-4aa3-b7e6-7ef9e9e04911","host":"localhost:1998","accept-encoding":"gzip, deflate, br","connection":"keep-alive","content-length":"22","idReq":"df18a2dd-78f9-48f7-9618-caf14004c455"} | {"low":true}
2023-11-15 16:16:26.207 | df18a2dd-78f9-48f7-9618-caf14004c455 | RES | POST | ::1 | /api/testReqRes | 5001 | 1
